make all --print-data-base --no-builtin-variables --no-builtin-rules --question
# GNU Make 4.2.1
# Built for x86_64-pc-linux-gnu
# Copyright (C) 1988-2016 Free Software Foundation, Inc.
# License GPLv3+: GNU GPL version 3 or later <http://gnu.org/licenses/gpl.html>
# This is free software: you are free to change and redistribute it.
# There is NO WARRANTY, to the extent permitted by law.

# Make data base, printed on Sun May 29 17:01:18 2022

# Variables

# 'override' directive
GNUMAKEFLAGS := 
# automatic
<D = $(patsubst %/,%,$(dir $<))
# automatic
?F = $(notdir $?)
# environment
DESKTOP_SESSION = ubuntu
# makefile (from 'makefile', line 4)
OPTIONS = -std=gnu++0x  -g 
# default
.SHELLFLAGS := -c
# makefile (from 'makefile', line 9)
OBJ = $(patsubst %,$(LIBDIR)/%,$(_OBJ))
# environment
XDG_SESSION_CLASS = user
# environment
SNAP_COMMON = /var/snap/code/common
# environment
XDG_SESSION_TYPE = x11
# environment
VSCODE_LOG_NATIVE = false
# automatic
?D = $(patsubst %/,%,$(dir $?))
# environment
IM_CONFIG_PHASE = 1
# automatic
@D = $(patsubst %/,%,$(dir $@))
# environment
XAUTHORITY = /run/user/1000/gdm/Xauthority
# environment
GDMSESSION = ubuntu
# environment
XMODIFIERS = @im=ibus
# makefile
CURDIR := /home/daniel/Desktop/EI_UA/Práctica/Buscador
# makefile
SHELL = /bin/sh
# environment
SNAP_DATA = /var/snap/code/97
# environment
VSCODE_NLS_CONFIG = {"locale":"en-us","availableLanguages":{},"_languagePackSupport":true}
# environment
JOURNAL_STREAM = 8:46945
# environment
XDG_CONFIG_DIRS = /etc/xdg/xdg-ubuntu:/etc/xdg
# environment
SNAP_INSTANCE_NAME = code
# environment
SNAP_ARCH = amd64
# makefile (from 'makefile', line 7)
INCLUDEDIR = include
# makefile (from 'makefile', line 1)
MAKEFILE_LIST :=  makefile
# makefile (from 'makefile', line 1)
.PHONY = clean
# automatic
@F = $(notdir $@)
# environment
GIO_LAUNCHED_DESKTOP_FILE = /var/lib/snapd/desktop/applications/code_code.desktop
# makefile (from 'makefile', line 5)
DEBUG = 
# environment
USERNAME = daniel
# environment
MAKELEVEL := 0
# environment
XDG_DATA_DIRS = /usr/share/ubuntu:/usr/local/share/:/usr/share/:/var/lib/snapd/desktop
# environment
DBUS_SESSION_BUS_ADDRESS = unix:path=/run/user/1000/bus
# environment
VSCODE_VERBOSE_LOGGING = true
# environment
_ = /snap/code/97/usr/share/code/code
# environment
MANAGERPID = 2287
# environment
P9K_SSH = 0
# environment
VSCODE_IPC_HOOK_EXTHOST = /run/user/1000/vscode-ipc-12b9d1f1-9230-496c-9ec8-5a16de4a4e57.sock
# environment
LC_NAME = es_ES.UTF-8
# environment
VSCODE_CWD = /home/daniel
# environment
GSETTINGS_SCHEMA_DIR = /snap/code/97/usr/share/glib-2.0/schemas
# default
MAKE_HOST := x86_64-pc-linux-gnu
# environment
PATH = /home/daniel/.local/bin:/usr/local/sbin:/usr/local/bin:/usr/sbin:/usr/bin:/sbin:/bin:/usr/games:/usr/local/games:/snap/bin:/opt/apache-maven-3.8.4/bin
# environment
GPG_AGENT_INFO = /run/user/1000/gnupg/S.gpg-agent:0:1
# environment
LSCOLORS = Gxfxcxdxbxegedabagacad
# environment
SESSION_MANAGER = local/daniel-ASUS-TUF-Dash-F15-FX516PM-FX516PM:@/tmp/.ICE-unix/2518,unix/daniel-ASUS-TUF-Dash-F15-FX516PM-FX516PM:/tmp/.ICE-unix/2518
# environment
XDG_RUNTIME_DIR = /run/user/1000
# environment
GDK_PIXBUF_MODULE_FILE = /home/daniel/snap/code/common/.cache/gdk-pixbuf-loaders.cache
# environment
SNAP = /snap/code/97
# environment
SNAP_VERSION = c3511e6c
# environment
XDG_MENU_PREFIX = gnome-
# environment
VSCODE_LOG_STACK = false
# environment
DISABLE_WAYLAND = 1
# environment
ELECTRON_RUN_AS_NODE = 1
# environment
INVOCATION_ID = f3135a284e28471f8f069574d926c1c0
# environment
GDK_PIXBUF_MODULEDIR = /snap/code/97/usr/lib/x86_64-linux-gnu/gdk-pixbuf-2.0/2.10.0/loaders
# default
.FEATURES := target-specific order-only second-expansion else-if shortest-stem undefine oneshell archives jobserver output-sync check-symlink load
# environment
ELECTRON_NO_ATTACH_CONSOLE = 1
# environment
LS_COLORS = 
# environment
XDG_SESSION_DESKTOP = ubuntu
# environment
SSH_AUTH_SOCK = /run/user/1000/keyring/ssh
# environment
GIO_LAUNCHED_DESKTOP_FILE_PID = 16210
# automatic
%F = $(notdir $%)
# environment
DISPLAY = :0
# environment
VSCODE_PIPE_LOGGING = true
# environment
SNAP_INSTANCE_KEY = 
# environment
PWD = /home/daniel/Desktop/EI_UA/Práctica/Buscador
# default
.LOADED := 
# environment
SSH_AGENT_PID = 2480
# environment
ORIGINAL_XDG_CURRENT_DESKTOP = ubuntu:GNOME
# environment
GTK_MODULES = gail:atk-bridge
# environment
VSCODE_AMD_ENTRYPOINT = vs/workbench/api/node/extensionHostProcess
# environment
HOME = /home/daniel
# environment
VSCODE_CLI = 1
# environment
VSCODE_CODE_CACHE_PATH = /home/daniel/.config/Code/CachedData/c3511e6c69bb39013c4a4b7b9566ec1ca73fc4d5
# environment
LOGNAME = daniel
# environment
APPLICATION_INSIGHTS_NO_DIAGNOSTIC_CHANNEL = 1
# environment
SNAP_LIBRARY_PATH = /var/lib/snapd/lib/gl:/var/lib/snapd/lib/gl32:/var/lib/snapd/void
# environment
SNAP_CONTEXT = vBu005D_wGmzE2G1RFP13M6cPSujlAySVTwkPNpRCX_Q05E5UiCx
# environment
NVM_CD_FLAGS = -q
# automatic
+F = $(notdir $+)
# environment
ZSH = /home/daniel/.oh-my-zsh
# environment
M2_HOME = /opt/apache-maven-3.8.4
# environment
SNAP_USER_COMMON = /home/daniel/snap/code/common
# environment
VSCODE_HANDLES_UNCAUGHT_ERRORS = true
# environment
GNOME_DESKTOP_SESSION_ID = this-is-deprecated
# automatic
^D = $(patsubst %/,%,$(dir $^))
# environment
LC_TIME = es_ES.UTF-8
# environment
SNAP_REAL_HOME = /home/daniel
# default
MAKE = $(MAKE_COMMAND)
# default
MAKECMDGOALS := all
# environment
QT_IM_MODULE = ibus
# environment
SNAP_USER_DATA = /home/daniel/snap/code/97
# environment
SHLVL = 0
# makefile (from 'makefile', line 3)
CC = g++
# environment
GNOME_SHELL_SESSION_MODE = ubuntu
# default
MAKE_VERSION := 4.2.1
# environment
USER = daniel
# environment
SNAP_REVISION = 97
# environment
LC_MONETARY = es_ES.UTF-8
# makefile
.DEFAULT_GOAL := all
# environment
XDG_CURRENT_DESKTOP = Unity
# environment
LESS = -R
# automatic
%D = $(patsubst %/,%,$(dir $%))
# environment
LC_TELEPHONE = es_ES.UTF-8
# default
MAKE_COMMAND := make
# environment
OLDPWD = /home/daniel
# makefile (from 'makefile', line 6)
LIBDIR = lib
# default
.VARIABLES := 
# automatic
*F = $(notdir $*)
# environment
VSCODE_IPC_HOOK = /run/user/1000/vscode-419f9acc-1.67.2-main.sock
# environment
BAMF_DESKTOP_FILE_HINT = /var/lib/snapd/desktop/applications/code_code.desktop
# makefile
MAKEFLAGS = pqrR
# environment
MFLAGS = -pqrR
# automatic
*D = $(patsubst %/,%,$(dir $*))
# environment
NVM_DIR = /home/daniel/.nvm
# automatic
+D = $(patsubst %/,%,$(dir $+))
# environment
GDK_BACKEND = x11
# environment
LC_PAPER = es_ES.UTF-8
# environment
NO_AT_BRIDGE = 1
# environment
LC_IDENTIFICATION = es_ES.UTF-8
# environment
QT_ACCESSIBILITY = 1
# default
MAKEFILES := 
# environment
SNAP_COOKIE = vBu005D_wGmzE2G1RFP13M6cPSujlAySVTwkPNpRCX_Q05E5UiCx
# environment
LC_NUMERIC = es_ES.UTF-8
# automatic
<F = $(notdir $<)
# environment
LC_MEASUREMENT = es_ES.UTF-8
# environment
SNAP_NAME = code
# environment
PAGER = less
# environment
LC_ALL = C
# environment
GJS_DEBUG_TOPICS = JS ERROR;JS LOG
# automatic
^F = $(notdir $^)
# makefile (from 'makefile', line 8)
_OBJ = buscador.o indexadorHash.o tokenizador.o stemmer.o indexadorInformacion.o
# default
SUFFIXES := 
# environment
SNAP_REEXEC = 
# environment
CHROME_DESKTOP = code-url-handler.desktop
# environment
WINDOWPATH = 2
# default
.INCLUDE_DIRS = /usr/include /usr/local/include /usr/include
# environment
GJS_DEBUG_OUTPUT = stderr
# default
.RECIPEPREFIX := 
# environment
LC_ADDRESS = es_ES.UTF-8
# environment
LANG = C
# environment
VSCODE_PID = 5713
# environment
NVM_RC_VERSION = 
# variable set hash-table stats:
 
# Load=146/1024=14%, Rehash=0, Collisions=33/184=18%

# Pattern-specific Variable Values

# No pattern-specific variable values.

# Directories

# lib (device 66310, inode 5116266): 4 files, no impossibilities so far.
# include (device 66310, inode 5116261): 2 files, no impossibilities so far.
# . (device 66310, inode 4601944): 32 files, no impossibilities.

# 38 files, no impossibilities in 3 directories.

# Implicit Rules

lib/%.o: lib/%.cpp include/%.h
#  recipe to execute (from 'makefile', line 17):
	$(CC) $(OPTIONS) $(DEBUG) -c -I$(INCLUDEDIR) -o $@ $<

# 1 implicit rules, 0 (0.0%) terminal.

# Files

# Not a target:
lib/indexadorInformacion.o:
#  Implicit rule search has not been done.
#  Modification time never checked.
#  File has not been updated.

all: buscador
#  Command line target.
#  Implicit rule search has been done.
#  File does not exist.
#  File has been updated.
#  Needs to be updated (-q is set).
# variable set hash-table stats:
# Load=0/32=0%, Rehash=0, Collisions=0/7=0%

# Not a target:
lib/stemmer.o:
#  Implicit rule search has not been done.
#  Modification time never checked.
#  File has not been updated.

buscador: src/main.cpp lib/buscador.o lib/indexadorHash.o lib/tokenizador.o lib/stemmer.o lib/indexadorInformacion.o
#  Implicit rule search has not been done.
#  Last modified 2022-05-27 13:49:36.87002976
#  File has been updated.
#  Needs to be updated (-q is set).
# variable set hash-table stats:
# Load=0/32=0%, Rehash=0, Collisions=0/7=0%
#  recipe to execute (from 'makefile', line 14):
	$(CC) $(OPTIONS) $(DEBUG) -I$(INCLUDEDIR) src/main.cpp $(OBJ) -o buscador

# Not a target:
lib/buscador.cpp:
#  Implicit rule search has been done.
#  Last modified 2022-05-27 14:50:29.182337476
#  File has been updated.
#  Successfully updated.

# Not a target:
makefile:
#  Implicit rule search has been done.
#  Last modified 2022-05-13 21:41:47.168304213
#  File has been updated.
#  Successfully updated.

# Not a target:
lib/indexadorHash.o:
#  Implicit rule search has not been done.
#  Modification time never checked.
#  File has not been updated.

# Not a target:
.DEFAULT:
#  Implicit rule search has not been done.
#  Modification time never checked.
#  File has not been updated.

clean:
#  Implicit rule search has not been done.
#  Modification time never checked.
#  File has not been updated.
#  recipe to execute (from 'makefile', line 20):
	rm -f $(OBJ) 

lib/buscador.o: lib/buscador.cpp include/buscador.h
#  Implicit rule search has been done.
#  Implicit/static pattern stem: 'buscador'
#  Last modified 2022-05-25 17:10:58.290829904
#  File has been updated.
#  Needs to be updated (-q is set).
# automatic
# @ := lib/buscador.o
# automatic
# % := 
# automatic
# * := buscador
# automatic
# + := lib/buscador.cpp include/buscador.h
# automatic
# | := 
# automatic
# < := lib/buscador.cpp
# automatic
# ^ := lib/buscador.cpp include/buscador.h
# automatic
# ? := lib/buscador.cpp
# variable set hash-table stats:
# Load=8/32=25%, Rehash=0, Collisions=1/17=6%
#  recipe to execute (from 'makefile', line 17):
	$(CC) $(OPTIONS) $(DEBUG) -c -I$(INCLUDEDIR) -o $@ $<

# Not a target:
src/main.cpp:
#  Implicit rule search has been done.
#  Last modified 2022-05-29 16:30:21.536941279
#  File has been updated.
#  Successfully updated.

# Not a target:
lib/tokenizador.o:
#  Implicit rule search has not been done.
#  Modification time never checked.
#  File has not been updated.

# Not a target:
include/buscador.h:
#  Implicit rule search has been done.
#  Last modified 2022-05-23 10:31:36.763078716
#  File has been updated.
#  Successfully updated.

# files hash-table stats:
# Load=14/1024=1%, Rehash=0, Collisions=0/38=0%
# VPATH Search Paths

# No 'vpath' search paths.

# No general ('VPATH' variable) search path.

# strcache buffers: 1 (0) / strings = 53 / storage = 803 B / avg = 15 B
# current buf: size = 8162 B / used = 803 B / count = 53 / avg = 15 B

# strcache performance: lookups = 70 / hit rate = 24%
# hash-table stats:
# Load=53/8192=1%, Rehash=0, Collisions=1/70=1%
# Finished Make data base on Sun May 29 17:01:18 2022

 
