

slim: waiting for X server to begin accepting connections.
slim: Last login: Wed Nov 10 01:05:01 on ttyv0


slim: waiting for X server to begin accepting connections.
slim: Last login: Wed Nov 10 01:28:19 on unix:0.0

slim: waiting for X server to shut down

slim: waiting for X server to begin accepting connections.
slim: Last login: Wed Nov 10 01:47:23 from 192.168.56.102

slim: waiting for X server to shut down

slim: waiting for X server to begin accepting connections.
slim: Last login: Wed Nov 10 13:07:16 on unix:0.0

slim: waiting for X server to shut down

slim: waiting for X server to begin accepting connections.
slim: Last login: Wed Nov 10 14:14:33 from 192.168.56.1

slim: waiting for X server to shut down

slim: waiting for X server to begin accepting connections.
slim: Last login: Thu Nov 11 22:00:45 on unix:0.0

slim: waiting for X server to shut down

slim: waiting for X server to begin accepting connections.
slim: Last login: Thu Nov 11 22:44:55 on unix:0.0

slim: waiting for X server to shut down

slim: waiting for X server to begin accepting connections.
slim: Last login: Thu Nov 11 22:51:54 on unix:0.0

slim: waiting for X server to shut down

slim: waiting for X server to begin accepting connections.
slim: Last login: Fri Nov 12 01:30:17 from 192.168.56.1


slim: waiting for X server to begin accepting connections.
slim: Last login: Fri Nov 12 02:51:10 from 192.168.56.222


slim: waiting for X server to begin accepting connections.
slim: Last login: Sat Nov 13 18:42:31 on unix:0.0

slim: waiting for X server to shut down

slim: waiting for X server to begin accepting connections.
slim: Last login: Sun Nov 14 04:36:47 from 192.168.56.1

slim: waiting for X server to shut down

slim: waiting for X server to begin accepting connections.
slim: Last login: Sun Nov 14 04:44:43 on unix:0.0
